[27Jul2024 17:30:28.268] [main/INFO] [cpw.mods.modlauncher.Launcher/MODLAUNCHER]: ModLauncher running: args [--launchTarget, forgeclientuserdev, --version, 21.0.114-beta, --assetIndex, asset-index, --assetsDir, C:\Users\Kevin\.gradle\caches\minecraft\assets\1.21, --gameDir, ., --fml.neoForgeVersion, 21.0.114-beta, --fml.fmlVersion, 4.0.18, --fml.mcVersion, 1.21, --fml.neoFormVersion, 20240613.152323]
[27Jul2024 17:30:28.272] [main/INFO] [cpw.mods.modlauncher.Launcher/MODLAUNCHER]: JVM identified as Oracle Corporation Java HotSpot(TM) 64-Bit Server VM 21.0.3+7-LTS-152
[27Jul2024 17:30:28.274] [main/INFO] [cpw.mods.modlauncher.Launcher/MODLAUNCHER]: ModLauncher 11.0.4+main.d2e20e43 starting: java version 21.0.3 by Oracle Corporation; OS Windows 11 arch amd64 version 10.0
[27Jul2024 17:30:28.878] [main/WARN] [net.neoforged.fml.loading.FMLConfig/CORE]: Configuration file C:\Users\Kevin\Desktop\cratedelight-forge\runs\client\config\fml.toml is not correct. Correcting
[27Jul2024 17:30:28.888] [main/INFO] [net.neoforged.fml.loading.FMLConfig/CORE]: Incorrect key [disableConfigWatcher] was corrected from null to false
[27Jul2024 17:30:28.902] [main/INFO] [net.neoforged.fml.loading.FMLConfig/CORE]: Incorrect key [earlyWindowSkipGLVersions] was corrected from null to []
[27Jul2024 17:30:28.903] [main/INFO] [net.neoforged.fml.loading.FMLConfig/CORE]: Incorrect key [earlyWindowSquir] was corrected from null to false
[27Jul2024 17:30:29.033] [main/INFO] [net.neoforged.fml.loading.ImmediateWindowHandler/]: Loading ImmediateWindowProvider fmlearlywindow
[27Jul2024 17:30:29.489] [main/INFO] [EARLYDISPLAY/]: Trying GL version 4.6
[27Jul2024 17:30:30.029] [main/INFO] [EARLYDISPLAY/]: Requested GL version 4.6 got version 4.6
[27Jul2024 17:30:30.171] [main/INFO] [mixin/]: SpongePowered MIXIN Subsystem Version=0.8.6 Source=union:/C:/Users/Kevin/.gradle/caches/modules-2/files-2.1/net.fabricmc/sponge-mixin/0.14.0+mixin.0.8.6/c265173c84346e9e5d42a2384b2b02bd39a4a899/sponge-mixin-0.14.0+mixin.0.8.6.jar%23135!/ Service=ModLauncher Env=CLIENT
[27Jul2024 17:30:30.515] [main/INFO] [net.neoforged.fml.loading.moddiscovery.ModDiscoverer/SCAN]: Found mod file "neoforge-21.0.114-beta.jar" [locator: neoforge devenv provider ([C:\Users\Kevin\Desktop\cratedelight-forge\.gradle\repositories\ng_dummy_ng\net\neoforged\neoforge\21.0.114-beta\neoforge-21.0.114-beta.jar])]
[27Jul2024 17:30:30.538] [pool-2-thread-1/INFO] [EARLYDISPLAY/]: GL info: NVIDIA GeForce RTX 3050/PCIe/SSE2 GL version 4.6.0 NVIDIA 560.70, NVIDIA Corporation
[27Jul2024 17:30:30.547] [main/INFO] [net.neoforged.fml.loading.moddiscovery.ModDiscoverer/SCAN]: Found mod file "neoforge-21.0.114-beta.jar" [locator: neoforge devenv provider ([C:\Users\Kevin\Desktop\cratedelight-forge\.gradle\repositories\ng_dummy_ng\net\neoforged\neoforge\21.0.114-beta\neoforge-21.0.114-beta.jar])]
[27Jul2024 17:30:30.574] [main/INFO] [net.neoforged.fml.loading.moddiscovery.ModDiscoverer/SCAN]: Found mod file "main" [locator: userdev mods and services, reader: mod manifest]
[27Jul2024 17:30:30.595] [main/INFO] [net.neoforged.fml.loading.moddiscovery.ModDiscoverer/SCAN]: Found mod file "neoforge-21.0.114-beta.jar" [locator: userdev mods and services, reader: mod manifest]
[27Jul2024 17:30:30.607] [main/INFO] [net.neoforged.fml.loading.moddiscovery.ModDiscoverer/SCAN]: Found mod file "farmers-delight-398521-5566383.jar" [locator: userdev mods and services, reader: mod manifest]
[27Jul2024 17:30:30.661] [main/INFO] [net.neoforged.fml.loading.moddiscovery.ModDiscoverer/SCAN]: Found gamelibrary file "mixinextras-neoforge-0.3.5.jar" [locator: userdev mods and services, reader: mod manifest]
[27Jul2024 17:30:30.968] [main/WARN] [net.neoforged.jarjar.selection.JarSelector/]: Attempted to select a dependency jar for JarJar which was passed in as source: mixinextras-neoforge-0.3.5.jar. Using Mod File: C:\Users\Kevin\.gradle\caches\modules-2\files-2.1\io.github.llamalad7\mixinextras-neoforge\0.3.5\ef3ffcf309dae656517b2f120189b1c9b21737dd\mixinextras-neoforge-0.3.5.jar
[27Jul2024 17:30:30.969] [main/INFO] [net.neoforged.fml.loading.moddiscovery.locators.JarInJarDependencyLocator/]: No dependencies to load found. Skipping!
[27Jul2024 17:30:31.311] [main/INFO] [net.neoforged.fml.loading.FMLServiceProvider/CORE]: Loading coremod script-engine for [neoforge]
[27Jul2024 17:30:32.468] [main/INFO] [mixin/]: Compatibility level set to JAVA_21
[27Jul2024 17:30:32.478] [main/INFO] [cpw.mods.modlauncher.LaunchServiceHandler/MODLAUNCHER]: Launching target 'forgeclientuserdev' with arguments [--version, 21.0.114-beta, --gameDir, ., --assetsDir, C:\Users\Kevin\.gradle\caches\minecraft\assets\1.21, --assetIndex, asset-index]
[27Jul2024 17:30:34.542] [Datafixer Bootstrap/INFO] [com.mojang.datafixers.DataFixerBuilder/]: 229 Datafixer optimizations took 538 milliseconds
[27Jul2024 17:30:34.610] [pool-8-thread-1/INFO] [MixinExtras|Service/]: Initializing MixinExtras via com.llamalad7.mixinextras.service.MixinExtrasServiceImpl(version=0.3.5).
[27Jul2024 17:30:41.298] [main/WARN] [net.minecraft.commands.Commands/]: Ambiguity between arguments [teleport, location] and [teleport, destination] with inputs: [0.1 -0.5 .9, 0 0 0]
[27Jul2024 17:30:41.300] [main/WARN] [net.minecraft.commands.Commands/]: Ambiguity between arguments [teleport, location] and [teleport, targets] with inputs: [0.1 -0.5 .9, 0 0 0]
[27Jul2024 17:30:41.304] [main/WARN] [net.minecraft.commands.Commands/]: Ambiguity between arguments [teleport, destination] and [teleport, targets] with inputs: [Player, 0123, @e, dd12be42-52a9-4a91-a8a1-11c01849e498]
[27Jul2024 17:30:41.306] [main/WARN] [net.minecraft.commands.Commands/]: Ambiguity between arguments [teleport, targets] and [teleport, destination] with inputs: [Player, 0123, dd12be42-52a9-4a91-a8a1-11c01849e498]
[27Jul2024 17:30:41.308] [main/WARN] [net.minecraft.commands.Commands/]: Ambiguity between arguments [teleport, targets, location] and [teleport, targets, destination] with inputs: [0.1 -0.5 .9, 0 0 0]
[27Jul2024 17:30:41.515] [Render thread/WARN] [net.minecraft.server.packs.VanillaPackResourcesBuilder/]: Assets URL 'union:/C:/Users/Kevin/Desktop/cratedelight-forge/.gradle/repositories/ng_dummy_ng/net/neoforged/neoforge/21.0.114-beta/neoforge-21.0.114-beta.jar%23189!/assets/.mcassetsroot' uses unexpected schema
[27Jul2024 17:30:41.515] [Render thread/WARN] [net.minecraft.server.packs.VanillaPackResourcesBuilder/]: Assets URL 'union:/C:/Users/Kevin/Desktop/cratedelight-forge/.gradle/repositories/ng_dummy_ng/net/neoforged/neoforge/21.0.114-beta/neoforge-21.0.114-beta.jar%23189!/data/.mcassetsroot' uses unexpected schema
[27Jul2024 17:30:41.548] [Render thread/INFO] [com.mojang.authlib.yggdrasil.YggdrasilAuthenticationService/]: Environment: Environment[sessionHost=https://sessionserver.mojang.com, servicesHost=https://api.minecraftservices.com, name=PROD]
[27Jul2024 17:30:41.558] [Render thread/INFO] [net.minecraft.client.Minecraft/]: Setting user: Dev
[27Jul2024 17:30:41.659] [Render thread/INFO] [net.minecraft.client.Minecraft/]: Backend library: LWJGL version 3.3.3+5
[27Jul2024 17:30:41.941] [modloading-worker-0/INFO] [net.neoforged.neoforge.common.NeoForgeMod/NEOFORGE-MOD]: NeoForge mod loading, version 21.0.114-beta, for MC 1.21
[27Jul2024 17:30:42.968] [Render thread/INFO] [net.neoforged.neoforge.gametest.GameTestHooks/]: Enabled Gametest Namespaces: []
[27Jul2024 17:30:43.288] [Render thread/INFO] [net.minecraft.server.packs.resources.ReloadableResourceManager/]: Reloading ResourceManager: vanilla, mod_resources, mod/farmersdelight, mod/cratedelight, mod/neoforge
[27Jul2024 17:30:43.441] [Worker-Main-4/INFO] [net.minecraft.client.gui.font.providers.UnihexProvider/]: Found unifont_all_no_pua-15.1.05.hex, loading
[27Jul2024 17:30:44.236] [Worker-Main-6/INFO] [net.minecraft.client.gui.font.providers.UnihexProvider/]: Found unifont_jp_patch-15.1.05.hex, loading
[27Jul2024 17:30:46.197] [Render thread/WARN] [net.minecraft.client.sounds.SoundEngine/]: Missing sound for event: minecraft:item.goat_horn.play
[27Jul2024 17:30:46.198] [Render thread/WARN] [net.minecraft.client.sounds.SoundEngine/]: Missing sound for event: minecraft:entity.goat.screaming.horn_break
[27Jul2024 17:30:46.279] [Render thread/INFO] [com.mojang.blaze3d.audio.Library/]: OpenAL initialized on device OpenAL Soft on Speakers (JBL Quantum 300)
[27Jul2024 17:30:46.280] [Render thread/INFO] [net.minecraft.client.sounds.SoundEngine/SOUNDS]: Sound engine started
[27Jul2024 17:30:46.411] [Render thread/INFO] [net.minecraft.client.renderer.texture.TextureAtlas/]: Created: 1024x1024x4 minecraft:textures/atlas/blocks.png-atlas
[27Jul2024 17:30:46.434] [Render thread/INFO] [net.minecraft.client.renderer.texture.TextureAtlas/]: Created: 512x256x4 minecraft:textures/atlas/signs.png-atlas
[27Jul2024 17:30:46.435] [Render thread/INFO] [net.minecraft.client.renderer.texture.TextureAtlas/]: Created: 512x512x4 minecraft:textures/atlas/shield_patterns.png-atlas
[27Jul2024 17:30:46.436] [Render thread/INFO] [net.minecraft.client.renderer.texture.TextureAtlas/]: Created: 512x512x4 minecraft:textures/atlas/banner_patterns.png-atlas
[27Jul2024 17:30:46.437] [Render thread/INFO] [net.minecraft.client.renderer.texture.TextureAtlas/]: Created: 1024x1024x4 minecraft:textures/atlas/armor_trims.png-atlas
[27Jul2024 17:30:46.445] [Render thread/INFO] [net.minecraft.client.renderer.texture.TextureAtlas/]: Created: 128x64x4 minecraft:textures/atlas/decorated_pot.png-atlas
[27Jul2024 17:30:46.446] [Render thread/INFO] [net.minecraft.client.renderer.texture.TextureAtlas/]: Created: 256x256x4 minecraft:textures/atlas/chest.png-atlas
[27Jul2024 17:30:46.446] [Render thread/INFO] [net.minecraft.client.renderer.texture.TextureAtlas/]: Created: 512x256x4 minecraft:textures/atlas/shulker_boxes.png-atlas
[27Jul2024 17:30:46.447] [Render thread/INFO] [net.minecraft.client.renderer.texture.TextureAtlas/]: Created: 512x256x4 minecraft:textures/atlas/beds.png-atlas
[27Jul2024 17:30:46.536] [Render thread/INFO] [net.minecraft.client.renderer.texture.TextureAtlas/]: Created: 512x256x0 minecraft:textures/atlas/particles.png-atlas
[27Jul2024 17:30:46.538] [Render thread/INFO] [net.minecraft.client.renderer.texture.TextureAtlas/]: Created: 512x256x0 minecraft:textures/atlas/paintings.png-atlas
[27Jul2024 17:30:46.538] [Render thread/INFO] [net.minecraft.client.renderer.texture.TextureAtlas/]: Created: 256x128x0 minecraft:textures/atlas/mob_effects.png-atlas
[27Jul2024 17:30:46.539] [Render thread/INFO] [net.minecraft.client.renderer.texture.TextureAtlas/]: Created: 64x64x0 minecraft:textures/atlas/map_decorations.png-atlas
[27Jul2024 17:30:46.539] [Render thread/INFO] [net.minecraft.client.renderer.texture.TextureAtlas/]: Created: 1024x512x0 minecraft:textures/atlas/gui.png-atlas
[27Jul2024 17:30:46.568] [Render thread/WARN] [net.minecraft.client.renderer.ShaderInstance/]: Shader rendertype_entity_translucent_emissive could not find sampler named Sampler2 in the specified shader program.
[27Jul2024 17:30:53.354] [Render thread/INFO] [net.minecraft.world.item.crafting.RecipeManager/]: Loaded 1638 recipes
[27Jul2024 17:30:53.584] [Render thread/INFO] [net.minecraft.advancements.AdvancementTree/]: Loaded 1609 advancements
[27Jul2024 17:30:57.977] [Server thread/INFO] [net.minecraft.client.server.IntegratedServer/]: Starting integrated minecraft server version 1.21
[27Jul2024 17:30:57.978] [Server thread/INFO] [net.minecraft.server.MinecraftServer/]: Generating keypair
[27Jul2024 17:30:58.689] [Server thread/INFO] [net.minecraft.server.MinecraftServer/]: Preparing start region for dimension minecraft:overworld
[27Jul2024 17:30:58.722] [progressListener/INFO] [net.minecraft.server.level.progress.LoggerChunkProgressListener/]: Preparing spawn area: 2%
[27Jul2024 17:30:58.945] [Server thread/INFO] [net.neoforged.neoforge.server.permission.PermissionAPI/]: Successfully initialized permission handler neoforge:default_handler
[27Jul2024 17:30:58.956] [progressListener/INFO] [net.minecraft.server.level.progress.LoggerChunkProgressListener/]: Time elapsed: 253 ms
[27Jul2024 17:30:59.003] [Server thread/INFO] [net.minecraft.client.server.IntegratedServer/]: Changing view distance to 12, from 10
[27Jul2024 17:30:59.005] [Server thread/INFO] [net.minecraft.client.server.IntegratedServer/]: Changing simulation distance to 12, from 0
[27Jul2024 17:30:59.882] [Server thread/INFO] [net.minecraft.server.players.PlayerList/]: Dev[local:E:1a2877ae] logged in with entity id 1 at (4.5, -60.0, -6.5)
[27Jul2024 17:30:59.958] [Server thread/INFO] [net.minecraft.server.MinecraftServer/]: Dev joined the game
[27Jul2024 17:31:00.154] [Render thread/INFO] [net.minecraft.advancements.AdvancementTree/]: Loaded 2 advancements
[27Jul2024 17:31:09.967] [Render thread/INFO] [net.minecraft.advancements.AdvancementTree/]: Loaded 14 advancements
[27Jul2024 17:31:28.910] [Server thread/INFO] [net.minecraft.server.MinecraftServer/]: [Dev: Set own game mode to Survival Mode]
[27Jul2024 17:31:28.924] [Render thread/INFO] [net.minecraft.client.gui.components.ChatComponent/]: [System] [CHAT] Set own game mode to Survival Mode
[27Jul2024 17:31:38.564] [Render thread/INFO] [net.minecraft.advancements.AdvancementTree/]: Loaded 15 advancements
[27Jul2024 17:31:48.208] [Render thread/INFO] [net.minecraft.advancements.AdvancementTree/]: Loaded 17 advancements
[27Jul2024 17:31:49.115] [Render thread/INFO] [net.minecraft.advancements.AdvancementTree/]: Loaded 20 advancements
[27Jul2024 17:31:51.208] [Render thread/INFO] [net.minecraft.advancements.AdvancementTree/]: Loaded 21 advancements
[27Jul2024 17:31:52.118] [Render thread/INFO] [net.minecraft.advancements.AdvancementTree/]: Loaded 22 advancements
[27Jul2024 17:31:53.356] [Render thread/INFO] [net.minecraft.advancements.AdvancementTree/]: Loaded 23 advancements
[27Jul2024 17:31:54.519] [Render thread/INFO] [net.minecraft.advancements.AdvancementTree/]: Loaded 29 advancements
[27Jul2024 17:31:55.557] [Render thread/INFO] [net.minecraft.advancements.AdvancementTree/]: Loaded 34 advancements
[27Jul2024 17:31:56.558] [Render thread/INFO] [net.minecraft.advancements.AdvancementTree/]: Loaded 37 advancements
[27Jul2024 17:31:57.759] [Render thread/INFO] [net.minecraft.advancements.AdvancementTree/]: Loaded 42 advancements
[27Jul2024 17:31:59.413] [Render thread/INFO] [net.minecraft.advancements.AdvancementTree/]: Loaded 43 advancements
[27Jul2024 17:32:00.613] [Render thread/INFO] [net.minecraft.advancements.AdvancementTree/]: Loaded 44 advancements
[27Jul2024 17:32:03.349] [Server thread/INFO] [net.minecraft.client.server.IntegratedServer/]: Saving and pausing game...
[27Jul2024 17:32:03.396] [Server thread/INFO] [net.minecraft.server.MinecraftServer/]: Saving chunks for level 'ServerLevel[New World]'/minecraft:overworld
[27Jul2024 17:32:03.414] [Server thread/INFO] [net.minecraft.server.MinecraftServer/]: Saving chunks for level 'ServerLevel[New World]'/minecraft:the_nether
[27Jul2024 17:32:03.426] [Server thread/INFO] [net.minecraft.server.MinecraftServer/]: Saving chunks for level 'ServerLevel[New World]'/minecraft:the_end
[27Jul2024 17:32:03.802] [Server thread/INFO] [net.minecraft.server.network.ServerGamePacketListenerImpl/]: Dev lost connection: Disconnected
[27Jul2024 17:32:03.803] [Server thread/INFO] [net.minecraft.server.MinecraftServer/]: Dev left the game
[27Jul2024 17:32:03.816] [Server thread/INFO] [net.minecraft.server.network.ServerCommonPacketListenerImpl/]: Stopping singleplayer server as player logged out
[27Jul2024 17:32:03.866] [Server thread/INFO] [net.minecraft.server.MinecraftServer/]: Stopping server
[27Jul2024 17:32:03.867] [Server thread/INFO] [net.minecraft.server.MinecraftServer/]: Saving players
[27Jul2024 17:32:03.867] [Server thread/INFO] [net.minecraft.server.MinecraftServer/]: Saving worlds
[27Jul2024 17:32:06.469] [Server thread/INFO] [net.minecraft.server.MinecraftServer/]: Saving chunks for level 'ServerLevel[New World]'/minecraft:overworld
[27Jul2024 17:32:06.495] [Server thread/INFO] [net.minecraft.server.MinecraftServer/]: Saving chunks for level 'ServerLevel[New World]'/minecraft:the_nether
[27Jul2024 17:32:06.499] [Server thread/INFO] [net.minecraft.server.MinecraftServer/]: Saving chunks for level 'ServerLevel[New World]'/minecraft:the_end
[27Jul2024 17:32:06.511] [Server thread/INFO] [net.minecraft.server.MinecraftServer/]: ThreadedAnvilChunkStorage (New World): All chunks are saved
[27Jul2024 17:32:06.511] [Server thread/INFO] [net.minecraft.server.MinecraftServer/]: ThreadedAnvilChunkStorage (DIM-1): All chunks are saved
[27Jul2024 17:32:06.511] [Server thread/INFO] [net.minecraft.server.MinecraftServer/]: ThreadedAnvilChunkStorage (DIM1): All chunks are saved
[27Jul2024 17:32:06.511] [Server thread/INFO] [net.minecraft.server.MinecraftServer/]: ThreadedAnvilChunkStorage: All dimensions are saved
[27Jul2024 17:32:07.239] [Render thread/INFO] [net.minecraft.client.Minecraft/]: Stopping!
